-1.7
-encoding
UTF-8
-source
1.7
-target
1.7
-classpath
/Users/andresvargas/.m2/repository/javax/javaee-web-api/6.0/javaee-web-api-6.0.jar:/Users/andresvargas/.m2/repository/com/fasterxml/jackson/core/jackson-core/2.5.3/jackson-core-2.5.3.jar:/Users/andresvargas/.m2/repository/com/fasterxml/jackson/core/jackson-annotations/2.5.3/jackson-annotations-2.5.3.jar:/Users/andresvargas/.m2/repository/org/hibernate/hibernate-annotations/3.5.6-Final/hibernate-annotations-3.5.6-Final.jar:/Users/andresvargas/.m2/repository/org/springframework/spring-core/4.1.6.RELEASE/spring-core-4.1.6.RELEASE.jar:/Users/andresvargas/.m2/repository/org/springframework/spring-aop/4.1.6.RELEASE/spring-aop-4.1.6.RELEASE.jar:/Users/andresvargas/.m2/repository/org/springframework/spring-context/4.1.6.RELEASE/spring-context-4.1.6.RELEASE.jar:/Users/andresvargas/.m2/repository/org/springframework/spring-beans/4.1.6.RELEASE/spring-beans-4.1.6.RELEASE.jar:/Users/andresvargas/.m2/repository/org/springframework/spring-web/4.1.6.RELEASE/spring-web-4.1.6.RELEASE.jar:/Users/andresvargas/.m2/repository/org/aspectj/aspectjrt/1.8.2/aspectjrt-1.8.2.jar:/Users/andresvargas/.m2/repository/org/aspectj/aspectjweaver/1.8.2/aspectjweaver-1.8.2.jar:/Users/andresvargas/.m2/repository/org/aspectj/aspectjtools/1.8.2/aspectjtools-1.8.2.jar:/Users/andresvargas/.m2/repository/org/hibernate/hibernate-core/3.5.6-Final/hibernate-core-3.5.6-Final.jar:/Users/andresvargas/.m2/repository/antlr/antlr/2.7.6/antlr-2.7.6.jar:/Users/andresvargas/.m2/repository/commons-collections/commons-collections/3.1/commons-collections-3.1.jar:/Users/andresvargas/.m2/repository/dom4j/dom4j/1.6.1/dom4j-1.6.1.jar:/Users/andresvargas/.m2/repository/xml-apis/xml-apis/1.0.b2/xml-apis-1.0.b2.jar:/Users/andresvargas/.m2/repository/javax/transaction/jta/1.1/jta-1.1.jar:/Users/andresvargas/.m2/repository/org/hibernate/hibernate-commons-annotations/3.2.0.Final/hibernate-commons-annotations-3.2.0.Final.jar:/Users/andresvargas/.m2/repository/org/hibernate/javax/persistence/hibernate-jpa-2.0-api/1.0.0.Final/hibernate-jpa-2.0-api-1.0.0.Final.jar:/Users/andresvargas/.m2/repository/org/slf4j/slf4j-api/1.5.8/slf4j-api-1.5.8.jar:/Users/andresvargas/.m2/repository/commons-logging/commons-logging/1.2/commons-logging-1.2.jar:/Users/andresvargas/.m2/repository/aopalliance/aopalliance/1.0/aopalliance-1.0.jar:/Users/andresvargas/.m2/repository/org/springframework/spring-expression/4.1.6.RELEASE/spring-expression-4.1.6.RELEASE.jar:/Users/andresvargas/Documents/Maestria/FabricasSoftware/Git/Grupo08/vhs_back/VhsBackEndServicesMaven/target/classes
-d
/Users/andresvargas/Documents/Maestria/FabricasSoftware/Git/Grupo08/vhs_back/VhsBackEndServicesMaven/target/classes
/Users/andresvargas/Documents/Maestria/FabricasSoftware/Git/Grupo08/vhs_back/VhsBackEndServicesMaven/src/main/java/com/vhs/annotations/VHSFeature.java
/Users/andresvargas/Documents/Maestria/FabricasSoftware/Git/Grupo08/vhs_back/VhsBackEndServicesMaven/src/main/java/com/vhs/aspects/test/services/TestService.java
/Users/andresvargas/Documents/Maestria/FabricasSoftware/Git/Grupo08/vhs_back/VhsBackEndServicesMaven/src/main/java/com/vhs/aspects/TestAspect.java
/Users/andresvargas/Documents/Maestria/FabricasSoftware/Git/Grupo08/vhs_back/VhsBackEndServicesMaven/src/main/java/com/vhs/aspects/VhsSupportedCurrencyAspects.java
/Users/andresvargas/Documents/Maestria/FabricasSoftware/Git/Grupo08/vhs_back/VhsBackEndServicesMaven/src/main/java/com/vhs/builders/BuilderContract.java
/Users/andresvargas/Documents/Maestria/FabricasSoftware/Git/Grupo08/vhs_back/VhsBackEndServicesMaven/src/main/java/com/vhs/builders/util/Utilities.java
/Users/andresvargas/Documents/Maestria/FabricasSoftware/Git/Grupo08/vhs_back/VhsBackEndServicesMaven/src/main/java/com/vhs/builders/VhsCurrencyBuilder.java
/Users/andresvargas/Documents/Maestria/FabricasSoftware/Git/Grupo08/vhs_back/VhsBackEndServicesMaven/src/main/java/com/vhs/builders/VhsPaymentMethodBuilder.java
/Users/andresvargas/Documents/Maestria/FabricasSoftware/Git/Grupo08/vhs_back/VhsBackEndServicesMaven/src/main/java/com/vhs/builders/VhsSocialNetworkBuilder.java
/Users/andresvargas/Documents/Maestria/FabricasSoftware/Git/Grupo08/vhs_back/VhsBackEndServicesMaven/src/main/java/com/vhs/cors/CorsFilter.java
/Users/andresvargas/Documents/Maestria/FabricasSoftware/Git/Grupo08/vhs_back/VhsBackEndServicesMaven/src/main/java/com/vhs/data/AdditionalValues.java
/Users/andresvargas/Documents/Maestria/FabricasSoftware/Git/Grupo08/vhs_back/VhsBackEndServicesMaven/src/main/java/com/vhs/data/DatosReporte.java
/Users/andresvargas/Documents/Maestria/FabricasSoftware/Git/Grupo08/vhs_back/VhsBackEndServicesMaven/src/main/java/com/vhs/data/VhsCategory.java
/Users/andresvargas/Documents/Maestria/FabricasSoftware/Git/Grupo08/vhs_back/VhsBackEndServicesMaven/src/main/java/com/vhs/data/VhsCity.java
/Users/andresvargas/Documents/Maestria/FabricasSoftware/Git/Grupo08/vhs_back/VhsBackEndServicesMaven/src/main/java/com/vhs/data/VhsCountry.java
/Users/andresvargas/Documents/Maestria/FabricasSoftware/Git/Grupo08/vhs_back/VhsBackEndServicesMaven/src/main/java/com/vhs/data/VhsOfferImage.java
/Users/andresvargas/Documents/Maestria/FabricasSoftware/Git/Grupo08/vhs_back/VhsBackEndServicesMaven/src/main/java/com/vhs/data/VhsOfferRating.java
/Users/andresvargas/Documents/Maestria/FabricasSoftware/Git/Grupo08/vhs_back/VhsBackEndServicesMaven/src/main/java/com/vhs/data/VhsOfferSale.java
/Users/andresvargas/Documents/Maestria/FabricasSoftware/Git/Grupo08/vhs_back/VhsBackEndServicesMaven/src/main/java/com/vhs/data/VhsPaymentMethod.java
/Users/andresvargas/Documents/Maestria/FabricasSoftware/Git/Grupo08/vhs_back/VhsBackEndServicesMaven/src/main/java/com/vhs/data/VhsSocialNetwork.java
/Users/andresvargas/Documents/Maestria/FabricasSoftware/Git/Grupo08/vhs_back/VhsBackEndServicesMaven/src/main/java/com/vhs/data/VhsSpecialOffer.java
/Users/andresvargas/Documents/Maestria/FabricasSoftware/Git/Grupo08/vhs_back/VhsBackEndServicesMaven/src/main/java/com/vhs/data/VhsSupportedCurrency.java
/Users/andresvargas/Documents/Maestria/FabricasSoftware/Git/Grupo08/vhs_back/VhsBackEndServicesMaven/src/main/java/com/vhs/data/VhsUser.java
/Users/andresvargas/Documents/Maestria/FabricasSoftware/Git/Grupo08/vhs_back/VhsBackEndServicesMaven/src/main/java/com/vhs/service/AbstractFacade.java
/Users/andresvargas/Documents/Maestria/FabricasSoftware/Git/Grupo08/vhs_back/VhsBackEndServicesMaven/src/main/java/com/vhs/service/AdditionalValuesFacadeREST.java
/Users/andresvargas/Documents/Maestria/FabricasSoftware/Git/Grupo08/vhs_back/VhsBackEndServicesMaven/src/main/java/com/vhs/service/ApplicationConfig.java
/Users/andresvargas/Documents/Maestria/FabricasSoftware/Git/Grupo08/vhs_back/VhsBackEndServicesMaven/src/main/java/com/vhs/service/VhsCategoryFacadeREST.java
/Users/andresvargas/Documents/Maestria/FabricasSoftware/Git/Grupo08/vhs_back/VhsBackEndServicesMaven/src/main/java/com/vhs/service/VhsCityFacadeREST.java
/Users/andresvargas/Documents/Maestria/FabricasSoftware/Git/Grupo08/vhs_back/VhsBackEndServicesMaven/src/main/java/com/vhs/service/VhsCountryFacadeREST.java
/Users/andresvargas/Documents/Maestria/FabricasSoftware/Git/Grupo08/vhs_back/VhsBackEndServicesMaven/src/main/java/com/vhs/service/VhsOfferImageFacadeREST.java
/Users/andresvargas/Documents/Maestria/FabricasSoftware/Git/Grupo08/vhs_back/VhsBackEndServicesMaven/src/main/java/com/vhs/service/VhsOfferRatingFacadeREST.java
/Users/andresvargas/Documents/Maestria/FabricasSoftware/Git/Grupo08/vhs_back/VhsBackEndServicesMaven/src/main/java/com/vhs/service/VhsOfferSaleFacadeREST.java
/Users/andresvargas/Documents/Maestria/FabricasSoftware/Git/Grupo08/vhs_back/VhsBackEndServicesMaven/src/main/java/com/vhs/service/VhsPaymentMethodFacadeREST.java
/Users/andresvargas/Documents/Maestria/FabricasSoftware/Git/Grupo08/vhs_back/VhsBackEndServicesMaven/src/main/java/com/vhs/service/VhsSocialNetworkFacadeREST.java
/Users/andresvargas/Documents/Maestria/FabricasSoftware/Git/Grupo08/vhs_back/VhsBackEndServicesMaven/src/main/java/com/vhs/service/VhsSpecialOfferFacadeREST.java
/Users/andresvargas/Documents/Maestria/FabricasSoftware/Git/Grupo08/vhs_back/VhsBackEndServicesMaven/src/main/java/com/vhs/service/VhsSupportedCurrencyFacadeREST.java
/Users/andresvargas/Documents/Maestria/FabricasSoftware/Git/Grupo08/vhs_back/VhsBackEndServicesMaven/src/main/java/com/vhs/service/VhsUserFacadeREST.java
